ERROR - 2021-06-23 13:25:20,709 - root - local variable 'words' referenced before assignment in -makefile- 
ERROR - 2021-06-23 13:25:56,676 - root - local variable 'words' referenced before assignment in -makefile- 
ERROR - 2021-06-23 13:27:11,833 - root - 'NoneType' object is not subscriptable in -makefile- 
DEBUG - 2021-06-23 13:31:10,662 - urllib3.connectionpool - Starting new HTTPS connection (1): api.dictionaryapi.dev:443 
DEBUG - 2021-06-23 13:31:10,663 - urllib3.connectionpool - Starting new HTTPS connection (2): api.dictionaryapi.dev:443 
DEBUG - 2021-06-23 13:31:10,663 - urllib3.connectionpool - Starting new HTTPS connection (3): api.dictionaryapi.dev:443 
DEBUG - 2021-06-23 13:31:10,665 - urllib3.connectionpool - Starting new HTTPS connection (4): api.dictionaryapi.dev:443 
DEBUG - 2021-06-23 13:31:10,665 - urllib3.connectionpool - Starting new HTTPS connection (5): api.dictionaryapi.dev:443 
DEBUG - 2021-06-23 13:31:10,665 - urllib3.connectionpool - Starting new HTTPS connection (6): api.dictionaryapi.dev:443 
DEBUG - 2021-06-23 13:31:10,666 - urllib3.connectionpool - Starting new HTTPS connection (7): api.dictionaryapi.dev:443 
DEBUG - 2021-06-23 13:31:10,667 - urllib3.connectionpool - Starting new HTTPS connection (8): api.dictionaryapi.dev:443 
DEBUG - 2021-06-23 13:31:10,674 - urllib3.connectionpool - Starting new HTTPS connection (9): api.dictionaryapi.dev:443 
DEBUG - 2021-06-23 13:31:10,674 - urllib3.connectionpool - Starting new HTTPS connection (10): api.dictionaryapi.dev:443 
DEBUG - 2021-06-23 13:31:10,676 - urllib3.connectionpool - Starting new HTTPS connection (11): api.dictionaryapi.dev:443 
DEBUG - 2021-06-23 13:31:10,676 - urllib3.connectionpool - Starting new HTTPS connection (12): api.dictionaryapi.dev:443 
DEBUG - 2021-06-23 13:31:11,638 - urllib3.connectionpool - https://api.dictionaryapi.dev:443 "GET /api/v2/entries/en_US/gentlemen HTTP/1.1" 200 427 
DEBUG - 2021-06-23 13:31:11,671 - urllib3.connectionpool - https://api.dictionaryapi.dev:443 "GET /api/v2/entries/en_US/fidgeting HTTP/1.1" 200 795 
DEBUG - 2021-06-23 13:31:11,697 - urllib3.connectionpool - https://api.dictionaryapi.dev:443 "GET /api/v2/entries/en_US/blushed HTTP/1.1" 200 1345 
DEBUG - 2021-06-23 13:31:11,703 - urllib3.connectionpool - https://api.dictionaryapi.dev:443 "GET /api/v2/entries/en_US/awkward HTTP/1.1" 200 931 
DEBUG - 2021-06-23 13:31:11,704 - urllib3.connectionpool - https://api.dictionaryapi.dev:443 "GET /api/v2/entries/en_US/Unabashed HTTP/1.1" 200 571 
DEBUG - 2021-06-23 13:31:11,718 - urllib3.connectionpool - https://api.dictionaryapi.dev:443 "GET /api/v2/entries/en_US/Khan HTTP/1.1" 200 734 
DEBUG - 2021-06-23 13:31:11,719 - urllib3.connectionpool - https://api.dictionaryapi.dev:443 "GET /api/v2/entries/en_US/Unabashedly HTTP/1.1" 200 290 
DEBUG - 2021-06-23 13:31:11,742 - urllib3.connectionpool - https://api.dictionaryapi.dev:443 "GET /api/v2/entries/en_US/straws HTTP/1.1" 404 205 
DEBUG - 2021-06-23 13:31:11,750 - urllib3.connectionpool - https://api.dictionaryapi.dev:443 "GET /api/v2/entries/en_US/Unnecessarily HTTP/1.1" 200 332 
DEBUG - 2021-06-23 13:31:11,767 - urllib3.connectionpool - https://api.dictionaryapi.dev:443 "GET /api/v2/entries/en_US/blurted HTTP/1.1" 200 417 
DEBUG - 2021-06-23 13:31:11,770 - urllib3.connectionpool - https://api.dictionaryapi.dev:443 "GET /api/v2/entries/en_US/roving HTTP/1.1" 200 1005 
DEBUG - 2021-06-23 13:31:11,773 - urllib3.connectionpool - https://api.dictionaryapi.dev:443 "GET /api/v2/entries/en_US/fixing HTTP/1.1" 200 627 
DEBUG - 2021-06-23 13:31:11,874 - urllib3.connectionpool - https://api.dictionaryapi.dev:443 "GET /api/v2/entries/en_US/smiled HTTP/1.1" 200 709 
DEBUG - 2021-06-23 13:31:11,918 - urllib3.connectionpool - https://api.dictionaryapi.dev:443 "GET /api/v2/entries/en_US/nervously HTTP/1.1" 200 196 
DEBUG - 2021-06-23 13:31:11,938 - urllib3.connectionpool - https://api.dictionaryapi.dev:443 "GET /api/v2/entries/en_US/politician HTTP/1.1" 200 559 
DEBUG - 2021-06-23 13:31:11,951 - urllib3.connectionpool - https://api.dictionaryapi.dev:443 "GET /api/v2/entries/en_US/Shameless HTTP/1.1" 200 456 
DEBUG - 2021-06-23 13:31:11,962 - urllib3.connectionpool - https://api.dictionaryapi.dev:443 "GET /api/v2/entries/en_US/yelled HTTP/1.1" 200 768 
DEBUG - 2021-06-23 13:31:11,970 - urllib3.connectionpool - https://api.dictionaryapi.dev:443 "GET /api/v2/entries/en_US/aunt HTTP/1.1" 200 513 
DEBUG - 2021-06-23 13:31:11,977 - urllib3.connectionpool - https://api.dictionaryapi.dev:443 "GET /api/v2/entries/en_US/brushed HTTP/1.1" 200 358 
DEBUG - 2021-06-23 13:31:12,001 - urllib3.connectionpool - https://api.dictionaryapi.dev:443 "GET /api/v2/entries/en_US/sweetly HTTP/1.1" 200 389 
DEBUG - 2021-06-23 13:31:12,005 - urllib3.connectionpool - https://api.dictionaryapi.dev:443 "GET /api/v2/entries/en_US/learns HTTP/1.1" 200 579 
DEBUG - 2021-06-23 13:31:12,022 - urllib3.connectionpool - https://api.dictionaryapi.dev:443 "GET /api/v2/entries/en_US/sushi HTTP/1.1" 200 428 
DEBUG - 2021-06-23 13:31:12,037 - urllib3.connectionpool - https://api.dictionaryapi.dev:443 "GET /api/v2/entries/en_US/evolve HTTP/1.1" 200 696 
DEBUG - 2021-06-23 13:31:12,055 - urllib3.connectionpool - https://api.dictionaryapi.dev:443 "GET /api/v2/entries/en_US/pushes HTTP/1.1" 200 1883 
DEBUG - 2021-06-23 13:31:12,167 - urllib3.connectionpool - https://api.dictionaryapi.dev:443 "GET /api/v2/entries/en_US/uncooked HTTP/1.1" 200 361 
DEBUG - 2021-06-23 13:31:12,190 - urllib3.connectionpool - https://api.dictionaryapi.dev:443 "GET /api/v2/entries/en_US/regulars HTTP/1.1" 200 1898 
DEBUG - 2021-06-23 13:31:12,195 - urllib3.connectionpool - https://api.dictionaryapi.dev:443 "GET /api/v2/entries/en_US/embroider HTTP/1.1" 200 637 
DEBUG - 2021-06-23 13:31:12,217 - urllib3.connectionpool - https://api.dictionaryapi.dev:443 "GET /api/v2/entries/en_US/vigilant HTTP/1.1" 200 633 
DEBUG - 2021-06-23 13:31:12,226 - urllib3.connectionpool - https://api.dictionaryapi.dev:443 "GET /api/v2/entries/en_US/Sushi HTTP/1.1" 200 428 
DEBUG - 2021-06-23 13:31:12,230 - urllib3.connectionpool - https://api.dictionaryapi.dev:443 "GET /api/v2/entries/en_US/Protons HTTP/1.1" 200 443 
DEBUG - 2021-06-23 13:31:12,239 - urllib3.connectionpool - https://api.dictionaryapi.dev:443 "GET /api/v2/entries/en_US/eaten HTTP/1.1" 200 846 
DEBUG - 2021-06-23 13:31:12,252 - urllib3.connectionpool - https://api.dictionaryapi.dev:443 "GET /api/v2/entries/en_US/Electrons HTTP/1.1" 404 205 
DEBUG - 2021-06-23 13:31:12,253 - urllib3.connectionpool - https://api.dictionaryapi.dev:443 "GET /api/v2/entries/en_US/Neutrons HTTP/1.1" 200 475 
DEBUG - 2021-06-23 13:31:12,300 - urllib3.connectionpool - https://api.dictionaryapi.dev:443 "GET /api/v2/entries/en_US/lightest HTTP/1.1" 200 4433 
DEBUG - 2021-06-23 13:31:12,331 - urllib3.connectionpool - https://api.dictionaryapi.dev:443 "GET /api/v2/entries/en_US/laughed HTTP/1.1" 200 1205 
DEBUG - 2021-06-23 13:31:12,333 - urllib3.connectionpool - https://api.dictionaryapi.dev:443 "GET /api/v2/entries/en_US/ego HTTP/1.1" 200 386 
DEBUG - 2021-06-23 13:31:12,415 - urllib3.connectionpool - https://api.dictionaryapi.dev:443 "GET /api/v2/entries/en_US/alright HTTP/1.1" 200 1363 
DEBUG - 2021-06-23 13:31:12,434 - urllib3.connectionpool - https://api.dictionaryapi.dev:443 "GET /api/v2/entries/en_US/possessed HTTP/1.1" 200 315 
DEBUG - 2021-06-23 13:31:12,451 - urllib3.connectionpool - https://api.dictionaryapi.dev:443 "GET /api/v2/entries/en_US/shouted HTTP/1.1" 200 1016 
DEBUG - 2021-06-23 13:31:12,467 - urllib3.connectionpool - https://api.dictionaryapi.dev:443 "GET /api/v2/entries/en_US/afar HTTP/1.1" 200 1049 
DEBUG - 2021-06-23 13:31:12,483 - urllib3.connectionpool - https://api.dictionaryapi.dev:443 "GET /api/v2/entries/en_US/waiter HTTP/1.1" 200 810 
DEBUG - 2021-06-23 13:31:12,496 - urllib3.connectionpool - https://api.dictionaryapi.dev:443 "GET /api/v2/entries/en_US/sprinkle HTTP/1.1" 200 1365 
DEBUG - 2021-06-23 13:31:12,499 - urllib3.connectionpool - https://api.dictionaryapi.dev:443 "GET /api/v2/entries/en_US/useless HTTP/1.1" 200 612 
DEBUG - 2021-06-23 13:31:12,513 - urllib3.connectionpool - https://api.dictionaryapi.dev:443 "GET /api/v2/entries/en_US/waiters HTTP/1.1" 200 809 
DEBUG - 2021-06-23 13:31:12,522 - urllib3.connectionpool - https://api.dictionaryapi.dev:443 "GET /api/v2/entries/en_US/lust HTTP/1.1" 200 764 
DEBUG - 2021-06-23 13:31:12,553 - urllib3.connectionpool - https://api.dictionaryapi.dev:443 "GET /api/v2/entries/en_US/dragons HTTP/1.1" 200 652 
DEBUG - 2021-06-23 13:31:12,584 - urllib3.connectionpool - https://api.dictionaryapi.dev:443 "GET /api/v2/entries/en_US/charmer HTTP/1.1" 404 205 
DEBUG - 2021-06-23 13:31:12,602 - urllib3.connectionpool - https://api.dictionaryapi.dev:443 "GET /api/v2/entries/en_US/chutney HTTP/1.1" 200 412 
DEBUG - 2021-06-23 13:31:12,653 - urllib3.connectionpool - https://api.dictionaryapi.dev:443 "GET /api/v2/entries/en_US/Bro HTTP/1.1" 200 379 
DEBUG - 2021-06-23 13:31:12,667 - urllib3.connectionpool - https://api.dictionaryapi.dev:443 "GET /api/v2/entries/en_US/forgiven HTTP/1.1" 200 447 
DEBUG - 2021-06-23 13:31:12,699 - urllib3.connectionpool - https://api.dictionaryapi.dev:443 "GET /api/v2/entries/en_US/boyfriend HTTP/1.1" 200 782 
DEBUG - 2021-06-23 13:31:12,716 - urllib3.connectionpool - https://api.dictionaryapi.dev:443 "GET /api/v2/entries/en_US/Protector HTTP/1.1" 200 768 
DEBUG - 2021-06-23 13:31:12,750 - urllib3.connectionpool - https://api.dictionaryapi.dev:443 "GET /api/v2/entries/en_US/spared HTTP/1.1" 200 1565 
DEBUG - 2021-06-23 13:31:12,758 - urllib3.connectionpool - https://api.dictionaryapi.dev:443 "GET /api/v2/entries/en_US/thrashing HTTP/1.1" 200 700 
DEBUG - 2021-06-23 13:31:12,770 - urllib3.connectionpool - https://api.dictionaryapi.dev:443 "GET /api/v2/entries/en_US/torn HTTP/1.1" 200 1700 
DEBUG - 2021-06-23 13:31:12,784 - urllib3.connectionpool - https://api.dictionaryapi.dev:443 "GET /api/v2/entries/en_US/wafers HTTP/1.1" 200 625 
DEBUG - 2021-06-23 13:31:12,795 - urllib3.connectionpool - https://api.dictionaryapi.dev:443 "GET /api/v2/entries/en_US/crispy HTTP/1.1" 200 424 
DEBUG - 2021-06-23 13:31:12,812 - urllib3.connectionpool - https://api.dictionaryapi.dev:443 "GET /api/v2/entries/en_US/spoon HTTP/1.1" 200 973 
DEBUG - 2021-06-23 13:31:12,850 - urllib3.connectionpool - https://api.dictionaryapi.dev:443 "GET /api/v2/entries/en_US/wafer HTTP/1.1" 200 510 
DEBUG - 2021-06-23 13:31:12,867 - urllib3.connectionpool - https://api.dictionaryapi.dev:443 "GET /api/v2/entries/en_US/Brahma HTTP/1.1" 200 608 
DEBUG - 2021-06-23 13:31:12,883 - urllib3.connectionpool - https://api.dictionaryapi.dev:443 "GET /api/v2/entries/en_US/Baba HTTP/1.1" 200 813 
DEBUG - 2021-06-23 13:31:12,917 - urllib3.connectionpool - https://api.dictionaryapi.dev:443 "GET /api/v2/entries/en_US/Nanak HTTP/1.1" 200 461 
DEBUG - 2021-06-23 13:31:12,950 - urllib3.connectionpool - https://api.dictionaryapi.dev:443 "GET /api/v2/entries/en_US/stinky HTTP/1.1" 200 235 
DEBUG - 2021-06-23 13:31:12,957 - urllib3.connectionpool - https://api.dictionaryapi.dev:443 "GET /api/v2/entries/en_US/poison HTTP/1.1" 200 893 
DEBUG - 2021-06-23 13:31:12,983 - urllib3.connectionpool - https://api.dictionaryapi.dev:443 "GET /api/v2/entries/en_US/Wasabi HTTP/1.1" 200 554 
DEBUG - 2021-06-23 13:31:13,015 - urllib3.connectionpool - https://api.dictionaryapi.dev:443 "GET /api/v2/entries/en_US/prompts HTTP/1.1" 200 1527 
DEBUG - 2021-06-23 13:31:13,033 - urllib3.connectionpool - https://api.dictionaryapi.dev:443 "GET /api/v2/entries/en_US/endorsing HTTP/1.1" 200 1174 
DEBUG - 2021-06-23 13:31:13,050 - urllib3.connectionpool - https://api.dictionaryapi.dev:443 "GET /api/v2/entries/en_US/orifices HTTP/1.1" 200 567 
DEBUG - 2021-06-23 13:31:13,065 - urllib3.connectionpool - https://api.dictionaryapi.dev:443 "GET /api/v2/entries/en_US/habit HTTP/1.1" 200 956 
DEBUG - 2021-06-23 13:31:13,162 - urllib3.connectionpool - https://api.dictionaryapi.dev:443 "GET /api/v2/entries/en_US/tastes HTTP/1.1" 200 1282 
DEBUG - 2021-06-23 13:31:13,210 - urllib3.connectionpool - https://api.dictionaryapi.dev:443 "GET /api/v2/entries/en_US/reserving HTTP/1.1" 200 2606 
DEBUG - 2021-06-23 13:31:13,219 - urllib3.connectionpool - https://api.dictionaryapi.dev:443 "GET /api/v2/entries/en_US/irritated HTTP/1.1" 200 299 
DEBUG - 2021-06-23 13:31:13,222 - urllib3.connectionpool - https://api.dictionaryapi.dev:443 "GET /api/v2/entries/en_US/normalcy HTTP/1.1" 200 454 
DEBUG - 2021-06-23 13:31:13,232 - urllib3.connectionpool - https://api.dictionaryapi.dev:443 "GET /api/v2/entries/en_US/expressing HTTP/1.1" 200 2585 
DEBUG - 2021-06-23 13:31:13,242 - urllib3.connectionpool - https://api.dictionaryapi.dev:443 "GET /api/v2/entries/en_US/threw HTTP/1.1" 200 2359 
DEBUG - 2021-06-23 13:31:13,251 - urllib3.connectionpool - https://api.dictionaryapi.dev:443 "GET /api/v2/entries/en_US/Reserving HTTP/1.1" 200 2606 
DEBUG - 2021-06-23 13:31:13,285 - urllib3.connectionpool - https://api.dictionaryapi.dev:443 "GET /api/v2/entries/en_US/hunky HTTP/1.1" 200 260 
DEBUG - 2021-06-23 13:31:13,286 - urllib3.connectionpool - https://api.dictionaryapi.dev:443 "GET /api/v2/entries/en_US/sided HTTP/1.1" 200 280 
DEBUG - 2021-06-23 13:31:13,294 - urllib3.connectionpool - https://api.dictionaryapi.dev:443 "GET /api/v2/entries/en_US/dory HTTP/1.1" 404 205 
DEBUG - 2021-06-23 13:31:13,308 - urllib3.connectionpool - https://api.dictionaryapi.dev:443 "GET /api/v2/entries/en_US/Firstly HTTP/1.1" 200 412 
DEBUG - 2021-06-23 13:31:13,328 - urllib3.connectionpool - https://api.dictionaryapi.dev:443 "GET /api/v2/entries/en_US/volatile HTTP/1.1" 200 1146 
DEBUG - 2021-06-23 13:31:13,417 - urllib3.connectionpool - https://api.dictionaryapi.dev:443 "GET /api/v2/entries/en_US/hmm HTTP/1.1" 200 264 
DEBUG - 2021-06-23 13:31:13,449 - urllib3.connectionpool - https://api.dictionaryapi.dev:443 "GET /api/v2/entries/en_US/boyfriends HTTP/1.1" 200 791 
DEBUG - 2021-06-23 13:31:13,473 - urllib3.connectionpool - https://api.dictionaryapi.dev:443 "GET /api/v2/entries/en_US/crave HTTP/1.1" 200 473 
DEBUG - 2021-06-23 13:31:13,497 - urllib3.connectionpool - https://api.dictionaryapi.dev:443 "GET /api/v2/entries/en_US/chasing HTTP/1.1" 200 2557 
DEBUG - 2021-06-23 13:31:13,505 - urllib3.connectionpool - https://api.dictionaryapi.dev:443 "GET /api/v2/entries/en_US/abuses HTTP/1.1" 200 1707 
DEBUG - 2021-06-23 13:31:13,510 - urllib3.connectionpool - https://api.dictionaryapi.dev:443 "GET /api/v2/entries/en_US/batsman HTTP/1.1" 200 397 
DEBUG - 2021-06-23 13:31:13,518 - urllib3.connectionpool - https://api.dictionaryapi.dev:443 "GET /api/v2/entries/en_US/behave HTTP/1.1" 200 706 
DEBUG - 2021-06-23 13:31:13,531 - urllib3.connectionpool - https://api.dictionaryapi.dev:443 "GET /api/v2/entries/en_US/resides HTTP/1.1" 200 704 
DEBUG - 2021-06-23 13:31:13,551 - urllib3.connectionpool - https://api.dictionaryapi.dev:443 "GET /api/v2/entries/en_US/oiled HTTP/1.1" 200 292 
DEBUG - 2021-06-23 13:31:13,556 - urllib3.connectionpool - https://api.dictionaryapi.dev:443 "GET /api/v2/entries/en_US/greedy HTTP/1.1" 200 508 
DEBUG - 2021-06-23 13:31:13,566 - urllib3.connectionpool - https://api.dictionaryapi.dev:443 "GET /api/v2/entries/en_US/submits HTTP/1.1" 200 1073 
DEBUG - 2021-06-23 13:31:13,582 - urllib3.connectionpool - https://api.dictionaryapi.dev:443 "GET /api/v2/entries/en_US/dire HTTP/1.1" 200 452 
DEBUG - 2021-06-23 13:31:13,666 - urllib3.connectionpool - https://api.dictionaryapi.dev:443 "GET /api/v2/entries/en_US/haywire HTTP/1.1" 200 323 
DEBUG - 2021-06-23 13:31:13,685 - urllib3.connectionpool - https://api.dictionaryapi.dev:443 "GET /api/v2/entries/en_US/rapt HTTP/1.1" 200 530 
DEBUG - 2021-06-23 13:31:13,701 - urllib3.connectionpool - https://api.dictionaryapi.dev:443 "GET /api/v2/entries/en_US/shitty HTTP/1.1" 200 456 
DEBUG - 2021-06-23 13:31:13,754 - urllib3.connectionpool - https://api.dictionaryapi.dev:443 "GET /api/v2/entries/en_US/attentively HTTP/1.1" 404 205 
DEBUG - 2021-06-23 13:31:13,770 - urllib3.connectionpool - https://api.dictionaryapi.dev:443 "GET /api/v2/entries/en_US/sweep HTTP/1.1" 200 2433 
DEBUG - 2021-06-23 13:31:13,776 - urllib3.connectionpool - https://api.dictionaryapi.dev:443 "GET /api/v2/entries/en_US/genetically HTTP/1.1" 200 429 
DEBUG - 2021-06-23 13:31:13,787 - urllib3.connectionpool - https://api.dictionaryapi.dev:443 "GET /api/v2/entries/en_US/asshole HTTP/1.1" 200 427 
DEBUG - 2021-06-23 13:31:13,807 - urllib3.connectionpool - https://api.dictionaryapi.dev:443 "GET /api/v2/entries/en_US/evolved HTTP/1.1" 200 650 
DEBUG - 2021-06-23 13:31:13,817 - urllib3.connectionpool - https://api.dictionaryapi.dev:443 "GET /api/v2/entries/en_US/contemplate HTTP/1.1" 200 490 
DEBUG - 2021-06-23 13:31:13,831 - urllib3.connectionpool - https://api.dictionaryapi.dev:443 "GET /api/v2/entries/en_US/emotionally HTTP/1.1" 404 205 
DEBUG - 2021-06-23 13:31:13,834 - urllib3.connectionpool - https://api.dictionaryapi.dev:443 "GET /api/v2/entries/en_US/bending HTTP/1.1" 200 2490 
DEBUG - 2021-06-23 13:31:13,849 - urllib3.connectionpool - https://api.dictionaryapi.dev:443 "GET /api/v2/entries/en_US/shitting HTTP/1.1" 200 1590 
DEBUG - 2021-06-23 13:31:13,941 - urllib3.connectionpool - https://api.dictionaryapi.dev:443 "GET /api/v2/entries/en_US/pile HTTP/1.1" 200 2594 
DEBUG - 2021-06-23 13:31:13,942 - urllib3.connectionpool - https://api.dictionaryapi.dev:443 "GET /api/v2/entries/en_US/Motherfucker HTTP/1.1" 200 568 
DEBUG - 2021-06-23 13:31:13,956 - urllib3.connectionpool - https://api.dictionaryapi.dev:443 "GET /api/v2/entries/en_US/interrupt HTTP/1.1" 200 686 
DEBUG - 2021-06-23 13:31:14,001 - urllib3.connectionpool - https://api.dictionaryapi.dev:443 "GET /api/v2/entries/en_US/buttoned HTTP/1.1" 200 477 
DEBUG - 2021-06-23 13:31:14,015 - urllib3.connectionpool - https://api.dictionaryapi.dev:443 "GET /api/v2/entries/en_US/firstly HTTP/1.1" 200 412 
DEBUG - 2021-06-23 13:31:14,018 - urllib3.connectionpool - https://api.dictionaryapi.dev:443 "GET /api/v2/entries/en_US/crying HTTP/1.1" 200 589 
DEBUG - 2021-06-23 13:31:14,051 - urllib3.connectionpool - https://api.dictionaryapi.dev:443 "GET /api/v2/entries/en_US/intervene HTTP/1.1" 200 639 
DEBUG - 2021-06-23 13:31:14,070 - urllib3.connectionpool - https://api.dictionaryapi.dev:443 "GET /api/v2/entries/en_US/slap HTTP/1.1" 200 1120 
DEBUG - 2021-06-23 13:31:14,101 - urllib3.connectionpool - https://api.dictionaryapi.dev:443 "GET /api/v2/entries/en_US/famished HTTP/1.1" 200 371 
DEBUG - 2021-06-23 13:31:14,180 - urllib3.connectionpool - https://api.dictionaryapi.dev:443 "GET /api/v2/entries/en_US/imagined HTTP/1.1" 200 350 
DEBUG - 2021-06-23 13:31:14,180 - urllib3.connectionpool - https://api.dictionaryapi.dev:443 "GET /api/v2/entries/en_US/judgmental HTTP/1.1" 200 284 
DEBUG - 2021-06-23 13:31:14,205 - urllib3.connectionpool - https://api.dictionaryapi.dev:443 "GET /api/v2/entries/en_US/judging HTTP/1.1" 200 886 
DEBUG - 2021-06-23 13:31:14,212 - urllib3.connectionpool - https://api.dictionaryapi.dev:443 "GET /api/v2/entries/en_US/scolding HTTP/1.1" 200 402 
DEBUG - 2021-06-23 13:31:14,219 - urllib3.connectionpool - https://api.dictionaryapi.dev:443 "GET /api/v2/entries/en_US/stalk HTTP/1.1" 200 1286 
DEBUG - 2021-06-23 13:31:14,234 - urllib3.connectionpool - https://api.dictionaryapi.dev:443 "GET /api/v2/entries/en_US/tilt HTTP/1.1" 200 991 
DEBUG - 2021-06-23 13:31:14,265 - urllib3.connectionpool - https://api.dictionaryapi.dev:443 "GET /api/v2/entries/en_US/Madam HTTP/1.1" 200 292 
DEBUG - 2021-06-23 13:31:14,283 - urllib3.connectionpool - https://api.dictionaryapi.dev:443 "GET /api/v2/entries/en_US/stalking HTTP/1.1" 200 1290 
DEBUG - 2021-06-23 13:31:14,317 - urllib3.connectionpool - https://api.dictionaryapi.dev:443 "GET /api/v2/entries/en_US/slammed HTTP/1.1" 200 1654 
DEBUG - 2021-06-23 13:31:14,340 - urllib3.connectionpool - https://api.dictionaryapi.dev:443 "GET /api/v2/entries/en_US/bulb HTTP/1.1" 200 1045 
DEBUG - 2021-06-23 13:31:14,343 - urllib3.connectionpool - https://api.dictionaryapi.dev:443 "GET /api/v2/entries/en_US/cardamom HTTP/1.1" 200 582 
DEBUG - 2021-06-23 13:31:14,368 - urllib3.connectionpool - https://api.dictionaryapi.dev:443 "GET /api/v2/entries/en_US/sorrow HTTP/1.1" 200 1201 
DEBUG - 2021-06-23 13:31:14,439 - urllib3.connectionpool - https://api.dictionaryapi.dev:443 "GET /api/v2/entries/en_US/indulging HTTP/1.1" 200 673 
DEBUG - 2021-06-23 13:31:14,448 - urllib3.connectionpool - https://api.dictionaryapi.dev:443 "GET /api/v2/entries/en_US/spoons HTTP/1.1" 200 979 
DEBUG - 2021-06-23 13:31:14,467 - urllib3.connectionpool - https://api.dictionaryapi.dev:443 "GET /api/v2/entries/en_US/tense HTTP/1.1" 200 924 
DEBUG - 2021-06-23 13:31:14,472 - urllib3.connectionpool - https://api.dictionaryapi.dev:443 "GET /api/v2/entries/en_US/crux HTTP/1.1" 200 903 
DEBUG - 2021-06-23 13:31:14,484 - urllib3.connectionpool - https://api.dictionaryapi.dev:443 "GET /api/v2/entries/en_US/explored HTTP/1.1" 200 980 
DEBUG - 2021-06-23 13:31:14,504 - urllib3.connectionpool - https://api.dictionaryapi.dev:443 "GET /api/v2/entries/en_US/sobbing HTTP/1.1" 200 364 
DEBUG - 2021-06-23 13:31:14,515 - urllib3.connectionpool - https://api.dictionaryapi.dev:443 "GET /api/v2/entries/en_US/observing HTTP/1.1" 200 1029 
DEBUG - 2021-06-23 13:31:14,525 - urllib3.connectionpool - https://api.dictionaryapi.dev:443 "GET /api/v2/entries/en_US/eyeballs HTTP/1.1" 200 686 
DEBUG - 2021-06-23 13:31:14,583 - urllib3.connectionpool - https://api.dictionaryapi.dev:443 "GET /api/v2/entries/en_US/touching HTTP/1.1" 200 479 
DEBUG - 2021-06-23 13:31:14,600 - urllib3.connectionpool - https://api.dictionaryapi.dev:443 "GET /api/v2/entries/en_US/Phew HTTP/1.1" 200 229 
DEBUG - 2021-06-23 13:31:14,606 - urllib3.connectionpool - https://api.dictionaryapi.dev:443 "GET /api/v2/entries/en_US/disheartened HTTP/1.1" 200 571 
DEBUG - 2021-06-23 13:31:14,617 - urllib3.connectionpool - https://api.dictionaryapi.dev:443 "GET /api/v2/entries/en_US/unpredictable HTTP/1.1" 200 468 
DEBUG - 2021-06-23 13:31:14,685 - urllib3.connectionpool - https://api.dictionaryapi.dev:443 "GET /api/v2/entries/en_US/exclaim HTTP/1.1" 200 416 
DEBUG - 2021-06-23 13:31:14,714 - urllib3.connectionpool - https://api.dictionaryapi.dev:443 "GET /api/v2/entries/en_US/Sherlock HTTP/1.1" 200 267 
DEBUG - 2021-06-23 13:31:14,715 - urllib3.connectionpool - https://api.dictionaryapi.dev:443 "GET /api/v2/entries/en_US/someplace HTTP/1.1" 200 344 
DEBUG - 2021-06-23 13:31:14,733 - urllib3.connectionpool - https://api.dictionaryapi.dev:443 "GET /api/v2/entries/en_US/texted HTTP/1.1" 200 1103 
DEBUG - 2021-06-23 13:31:14,745 - urllib3.connectionpool - https://api.dictionaryapi.dev:443 "GET /api/v2/entries/en_US/grandmother HTTP/1.1" 200 318 
DEBUG - 2021-06-23 13:31:14,748 - urllib3.connectionpool - https://api.dictionaryapi.dev:443 "GET /api/v2/entries/en_US/consoling HTTP/1.1" 200 275 
DEBUG - 2021-06-23 13:31:14,782 - urllib3.connectionpool - https://api.dictionaryapi.dev:443 "GET /api/v2/entries/en_US/popped HTTP/1.1" 200 3403 
DEBUG - 2021-06-23 13:31:14,788 - urllib3.connectionpool - https://api.dictionaryapi.dev:443 "GET /api/v2/entries/en_US/emotion HTTP/1.1" 200 409 
DEBUG - 2021-06-23 13:31:14,835 - urllib3.connectionpool - https://api.dictionaryapi.dev:443 "GET /api/v2/entries/en_US/Hmm HTTP/1.1" 200 264 
DEBUG - 2021-06-23 13:31:14,855 - urllib3.connectionpool - https://api.dictionaryapi.dev:443 "GET /api/v2/entries/en_US/abandon HTTP/1.1" 200 1268 
DEBUG - 2021-06-23 13:31:14,865 - urllib3.connectionpool - https://api.dictionaryapi.dev:443 "GET /api/v2/entries/en_US/Grandma HTTP/1.1" 200 255 
DEBUG - 2021-06-23 13:31:14,896 - urllib3.connectionpool - https://api.dictionaryapi.dev:443 "GET /api/v2/entries/en_US/Alright HTTP/1.1" 200 1363 
DEBUG - 2021-06-23 13:31:14,934 - urllib3.connectionpool - https://api.dictionaryapi.dev:443 "GET /api/v2/entries/en_US/hugging HTTP/1.1" 200 821 
DEBUG - 2021-06-23 13:31:14,949 - urllib3.connectionpool - https://api.dictionaryapi.dev:443 "GET /api/v2/entries/en_US/Nonchalantly HTTP/1.1" 200 317 
DEBUG - 2021-06-23 13:31:14,967 - urllib3.connectionpool - https://api.dictionaryapi.dev:443 "GET /api/v2/entries/en_US/cheek HTTP/1.1" 200 611 
DEBUG - 2021-06-23 13:31:14,981 - urllib3.connectionpool - https://api.dictionaryapi.dev:443 "GET /api/v2/entries/en_US/sleepy HTTP/1.1" 200 392 
DEBUG - 2021-06-23 13:31:14,983 - urllib3.connectionpool - https://api.dictionaryapi.dev:443 "GET /api/v2/entries/en_US/penetrating HTTP/1.1" 200 388 
DEBUG - 2021-06-23 13:31:15,012 - urllib3.connectionpool - https://api.dictionaryapi.dev:443 "GET /api/v2/entries/en_US/poetic HTTP/1.1" 200 334 
DEBUG - 2021-06-23 13:31:15,022 - urllib3.connectionpool - https://api.dictionaryapi.dev:443 "GET /api/v2/entries/en_US/eyelids HTTP/1.1" 200 392 
DEBUG - 2021-06-23 13:31:15,044 - urllib3.connectionpool - https://api.dictionaryapi.dev:443 "GET /api/v2/entries/en_US/drooping HTTP/1.1" 200 664 
DEBUG - 2021-06-23 13:31:15,092 - urllib3.connectionpool - https://api.dictionaryapi.dev:443 "GET /api/v2/entries/en_US/Nonchalant HTTP/1.1" 200 727 
DEBUG - 2021-06-23 13:31:15,099 - urllib3.connectionpool - https://api.dictionaryapi.dev:443 "GET /api/v2/entries/en_US/woke HTTP/1.1" 200 239 
DEBUG - 2021-06-23 13:31:15,128 - urllib3.connectionpool - https://api.dictionaryapi.dev:443 "GET /api/v2/entries/en_US/typed HTTP/1.1" 200 1575 
DEBUG - 2021-06-23 13:31:15,147 - urllib3.connectionpool - https://api.dictionaryapi.dev:443 "GET /api/v2/entries/en_US/stepped HTTP/1.1" 200 288 
DEBUG - 2021-06-23 13:31:15,184 - urllib3.connectionpool - https://api.dictionaryapi.dev:443 "GET /api/v2/entries/en_US/Huh HTTP/1.1" 200 442 
DEBUG - 2021-06-23 13:31:15,189 - urllib3.connectionpool - https://api.dictionaryapi.dev:443 "GET /api/v2/entries/en_US/unicorn HTTP/1.1" 200 611 
DEBUG - 2021-06-23 13:31:15,216 - urllib3.connectionpool - https://api.dictionaryapi.dev:443 "GET /api/v2/entries/en_US/effortless HTTP/1.1" 200 506 
DEBUG - 2021-06-23 13:31:15,217 - urllib3.connectionpool - https://api.dictionaryapi.dev:443 "GET /api/v2/entries/en_US/Effortlessly HTTP/1.1" 404 205 
DEBUG - 2021-06-23 13:31:15,246 - urllib3.connectionpool - https://api.dictionaryapi.dev:443 "GET /api/v2/entries/en_US/scam HTTP/1.1" 200 429 
DEBUG - 2021-06-23 13:31:15,265 - urllib3.connectionpool - https://api.dictionaryapi.dev:443 "GET /api/v2/entries/en_US/prickly HTTP/1.1" 200 996 
DEBUG - 2021-06-23 13:31:15,279 - urllib3.connectionpool - https://api.dictionaryapi.dev:443 "GET /api/v2/entries/en_US/sweetest HTTP/1.1" 200 1794 
DEBUG - 2021-06-23 13:31:15,415 - urllib3.connectionpool - https://api.dictionaryapi.dev:443 "GET /api/v2/entries/en_US/dreaming HTTP/1.1" 200 1112 
DEBUG - 2021-06-23 13:31:15,421 - urllib3.connectionpool - https://api.dictionaryapi.dev:443 "GET /api/v2/entries/en_US/randomly HTTP/1.1" 200 302 
DEBUG - 2021-06-23 13:31:15,437 - urllib3.connectionpool - https://api.dictionaryapi.dev:443 "GET /api/v2/entries/en_US/awake HTTP/1.1" 200 608 
DEBUG - 2021-06-23 13:31:15,445 - urllib3.connectionpool - https://api.dictionaryapi.dev:443 "GET /api/v2/entries/en_US/forgive HTTP/1.1" 200 471 
DEBUG - 2021-06-23 13:31:15,450 - urllib3.connectionpool - https://api.dictionaryapi.dev:443 "GET /api/v2/entries/en_US/persuading HTTP/1.1" 200 719 
DEBUG - 2021-06-23 13:31:15,462 - urllib3.connectionpool - https://api.dictionaryapi.dev:443 "GET /api/v2/entries/en_US/nagging HTTP/1.1" 200 635 
DEBUG - 2021-06-23 13:31:15,473 - urllib3.connectionpool - https://api.dictionaryapi.dev:443 "GET /api/v2/entries/en_US/asleep HTTP/1.1" 200 421 
DEBUG - 2021-06-23 13:31:15,483 - urllib3.connectionpool - https://api.dictionaryapi.dev:443 "GET /api/v2/entries/en_US/slept HTTP/1.1" 200 1030 
DEBUG - 2021-06-23 13:31:15,494 - urllib3.connectionpool - https://api.dictionaryapi.dev:443 "GET /api/v2/entries/en_US/rude HTTP/1.1" 200 1041 
DEBUG - 2021-06-23 13:31:15,515 - urllib3.connectionpool - https://api.dictionaryapi.dev:443 "GET /api/v2/entries/en_US/leaping HTTP/1.1" 200 921 
DEBUG - 2021-06-23 13:31:15,532 - urllib3.connectionpool - https://api.dictionaryapi.dev:443 "GET /api/v2/entries/en_US/practicing HTTP/1.1" 200 296 
DEBUG - 2021-06-23 13:31:15,550 - urllib3.connectionpool - https://api.dictionaryapi.dev:443 "GET /api/v2/entries/en_US/bounding HTTP/1.1" 200 2508 
DEBUG - 2021-06-23 13:31:15,658 - urllib3.connectionpool - https://api.dictionaryapi.dev:443 "GET /api/v2/entries/en_US/breakup HTTP/1.1" 200 438 
DEBUG - 2021-06-23 13:31:15,679 - urllib3.connectionpool - https://api.dictionaryapi.dev:443 "GET /api/v2/entries/en_US/Wore HTTP/1.1" 200 411 
DEBUG - 2021-06-23 13:31:15,699 - urllib3.connectionpool - https://api.dictionaryapi.dev:443 "GET /api/v2/entries/en_US/wore HTTP/1.1" 200 411 
DEBUG - 2021-06-23 13:31:15,709 - urllib3.connectionpool - https://api.dictionaryapi.dev:443 "GET /api/v2/entries/en_US/fourths HTTP/1.1" 404 205 
DEBUG - 2021-06-23 13:31:15,711 - urllib3.connectionpool - https://api.dictionaryapi.dev:443 "GET /api/v2/entries/en_US/gully HTTP/1.1" 200 647 
DEBUG - 2021-06-23 13:31:15,716 - urllib3.connectionpool - https://api.dictionaryapi.dev:443 "GET /api/v2/entries/en_US/slippers HTTP/1.1" 200 639 
DEBUG - 2021-06-23 13:31:15,730 - urllib3.connectionpool - https://api.dictionaryapi.dev:443 "GET /api/v2/entries/en_US/coursing HTTP/1.1" 200 319 
DEBUG - 2021-06-23 13:31:15,741 - urllib3.connectionpool - https://api.dictionaryapi.dev:443 "GET /api/v2/entries/en_US/bubbling HTTP/1.1" 200 296 
DEBUG - 2021-06-23 13:31:15,742 - urllib3.connectionpool - https://api.dictionaryapi.dev:443 "GET /api/v2/entries/en_US/stairs HTTP/1.1" 200 316 
DEBUG - 2021-06-23 13:31:15,848 - urllib3.connectionpool - https://api.dictionaryapi.dev:443 "GET /api/v2/entries/en_US/rang HTTP/1.1" 200 3420 
DEBUG - 2021-06-23 13:31:15,917 - urllib3.connectionpool - https://api.dictionaryapi.dev:443 "GET /api/v2/entries/en_US/stink HTTP/1.1" 200 992 
DEBUG - 2021-06-23 13:31:15,918 - urllib3.connectionpool - https://api.dictionaryapi.dev:443 "GET /api/v2/entries/en_US/Tick HTTP/1.1" 200 2743 
DEBUG - 2021-06-23 13:31:15,920 - urllib3.connectionpool - https://api.dictionaryapi.dev:443 "GET /api/v2/entries/en_US/sniffles HTTP/1.1" 200 650 
DEBUG - 2021-06-23 13:31:15,941 - urllib3.connectionpool - https://api.dictionaryapi.dev:443 "GET /api/v2/entries/en_US/quietly HTTP/1.1" 200 340 
DEBUG - 2021-06-23 13:31:15,949 - urllib3.connectionpool - https://api.dictionaryapi.dev:443 "GET /api/v2/entries/en_US/stabbed HTTP/1.1" 200 812 
DEBUG - 2021-06-23 13:31:15,967 - urllib3.connectionpool - https://api.dictionaryapi.dev:443 "GET /api/v2/entries/en_US/stole HTTP/1.1" 200 747 
DEBUG - 2021-06-23 13:31:15,980 - urllib3.connectionpool - https://api.dictionaryapi.dev:443 "GET /api/v2/entries/en_US/ninth HTTP/1.1" 200 273 
DEBUG - 2021-06-23 13:31:15,995 - urllib3.connectionpool - https://api.dictionaryapi.dev:443 "GET /api/v2/entries/en_US/staring HTTP/1.1" 200 534 
DEBUG - 2021-06-23 13:31:16,009 - urllib3.connectionpool - https://api.dictionaryapi.dev:443 "GET /api/v2/entries/en_US/Facebook HTTP/1.1" 200 393 
DEBUG - 2021-06-23 13:31:16,015 - urllib3.connectionpool - https://api.dictionaryapi.dev:443 "GET /api/v2/entries/en_US/crush HTTP/1.1" 200 1655 
DEBUG - 2021-06-23 13:31:16,029 - urllib3.connectionpool - https://api.dictionaryapi.dev:443 "GET /api/v2/entries/en_US/lakh HTTP/1.1" 200 260 
DEBUG - 2021-06-23 13:31:16,091 - urllib3.connectionpool - https://api.dictionaryapi.dev:443 "GET /api/v2/entries/en_US/disgusting HTTP/1.1" 200 546 
DEBUG - 2021-06-23 13:31:16,177 - urllib3.connectionpool - https://api.dictionaryapi.dev:443 "GET /api/v2/entries/en_US/slapped HTTP/1.1" 200 1421 
DEBUG - 2021-06-23 13:31:16,178 - urllib3.connectionpool - https://api.dictionaryapi.dev:443 "GET /api/v2/entries/en_US/elaborate HTTP/1.1" 200 1221 
DEBUG - 2021-06-23 13:31:16,193 - urllib3.connectionpool - https://api.dictionaryapi.dev:443 "GET /api/v2/entries/en_US/eleventh HTTP/1.1" 200 291 
DEBUG - 2021-06-23 13:31:16,217 - urllib3.connectionpool - https://api.dictionaryapi.dev:443 "GET /api/v2/entries/en_US/mustered HTTP/1.1" 200 1155 
DEBUG - 2021-06-23 13:31:16,220 - urllib3.connectionpool - https://api.dictionaryapi.dev:443 "GET /api/v2/entries/en_US/admire HTTP/1.1" 200 477 
DEBUG - 2021-06-23 13:31:16,229 - urllib3.connectionpool - https://api.dictionaryapi.dev:443 "GET /api/v2/entries/en_US/fairyland HTTP/1.1" 200 446 
DEBUG - 2021-06-23 13:31:16,240 - urllib3.connectionpool - https://api.dictionaryapi.dev:443 "GET /api/v2/entries/en_US/slapping HTTP/1.1" 200 1421 
DEBUG - 2021-06-23 13:31:16,268 - urllib3.connectionpool - https://api.dictionaryapi.dev:443 "GET /api/v2/entries/en_US/intentions HTTP/1.1" 200 490 
DEBUG - 2021-06-23 13:31:16,270 - urllib3.connectionpool - https://api.dictionaryapi.dev:443 "GET /api/v2/entries/en_US/CREEP HTTP/1.1" 200 1028 
DEBUG - 2021-06-23 13:31:16,278 - urllib3.connectionpool - https://api.dictionaryapi.dev:443 "GET /api/v2/entries/en_US/malice HTTP/1.1" 200 619 
DEBUG - 2021-06-23 13:31:16,290 - urllib3.connectionpool - https://api.dictionaryapi.dev:443 "GET /api/v2/entries/en_US/upfront HTTP/1.1" 200 803 
DEBUG - 2021-06-23 13:31:16,343 - urllib3.connectionpool - https://api.dictionaryapi.dev:443 "GET /api/v2/entries/en_US/messed HTTP/1.1" 200 1532 
DEBUG - 2021-06-23 13:31:16,451 - urllib3.connectionpool - https://api.dictionaryapi.dev:443 "GET /api/v2/entries/en_US/Blossomed HTTP/1.1" 200 531 
DEBUG - 2021-06-23 13:31:16,469 - urllib3.connectionpool - https://api.dictionaryapi.dev:443 "GET /api/v2/entries/en_US/barren HTTP/1.1" 200 878 
DEBUG - 2021-06-23 13:31:16,477 - urllib3.connectionpool - https://api.dictionaryapi.dev:443 "GET /api/v2/entries/en_US/breezed HTTP/1.1" 200 963 
DEBUG - 2021-06-23 13:31:16,486 - urllib3.connectionpool - https://api.dictionaryapi.dev:443 "GET /api/v2/entries/en_US/Sanctified HTTP/1.1" 200 442 
DEBUG - 2021-06-23 13:31:16,493 - urllib3.connectionpool - https://api.dictionaryapi.dev:443 "GET /api/v2/entries/en_US/exchanged HTTP/1.1" 200 1619 
DEBUG - 2021-06-23 13:31:16,511 - urllib3.connectionpool - https://api.dictionaryapi.dev:443 "GET /api/v2/entries/en_US/Soothed HTTP/1.1" 200 478 
DEBUG - 2021-06-23 13:31:16,514 - urllib3.connectionpool - https://api.dictionaryapi.dev:443 "GET /api/v2/entries/en_US/strife HTTP/1.1" 200 464 
DEBUG - 2021-06-23 13:31:16,531 - urllib3.connectionpool - https://api.dictionaryapi.dev:443 "GET /api/v2/entries/en_US/chilling HTTP/1.1" 200 231 
DEBUG - 2021-06-23 13:31:16,540 - urllib3.connectionpool - https://api.dictionaryapi.dev:443 "GET /api/v2/entries/en_US/knees HTTP/1.1" 200 855 
DEBUG - 2021-06-23 13:31:16,543 - urllib3.connectionpool - https://api.dictionaryapi.dev:443 "GET /api/v2/entries/en_US/explanatory HTTP/1.1" 200 481 
DEBUG - 2021-06-23 13:31:16,546 - urllib3.connectionpool - https://api.dictionaryapi.dev:443 "GET /api/v2/entries/en_US/melt HTTP/1.1" 200 929 
DEBUG - 2021-06-23 13:31:16,582 - urllib3.connectionpool - https://api.dictionaryapi.dev:443 "GET /api/v2/entries/en_US/Roadies HTTP/1.1" 200 445 
DEBUG - 2021-06-23 13:31:16,677 - urllib3.connectionpool - https://api.dictionaryapi.dev:443 "GET /api/v2/entries/en_US/delusion HTTP/1.1" 200 628 
DEBUG - 2021-06-23 13:31:16,727 - urllib3.connectionpool - https://api.dictionaryapi.dev:443 "GET /api/v2/entries/en_US/shifted HTTP/1.1" 200 1776 
DEBUG - 2021-06-23 13:31:16,733 - urllib3.connectionpool - https://api.dictionaryapi.dev:443 "GET /api/v2/entries/en_US/belongings HTTP/1.1" 200 510 
DEBUG - 2021-06-23 13:31:16,741 - urllib3.connectionpool - https://api.dictionaryapi.dev:443 "GET /api/v2/entries/en_US/Sultan HTTP/1.1" 200 368 
DEBUG - 2021-06-23 13:31:16,748 - urllib3.connectionpool - https://api.dictionaryapi.dev:443 "GET /api/v2/entries/en_US/kingdoms HTTP/1.1" 200 913 
DEBUG - 2021-06-23 13:31:16,774 - urllib3.connectionpool - https://api.dictionaryapi.dev:443 "GET /api/v2/entries/en_US/sultanate HTTP/1.1" 200 147 
DEBUG - 2021-06-23 13:31:16,777 - urllib3.connectionpool - https://api.dictionaryapi.dev:443 "GET /api/v2/entries/en_US/upbringing HTTP/1.1" 200 470 
DEBUG - 2021-06-23 13:31:16,786 - urllib3.connectionpool - https://api.dictionaryapi.dev:443 "GET /api/v2/entries/en_US/coaster HTTP/1.1" 200 1000 
DEBUG - 2021-06-23 13:31:16,794 - urllib3.connectionpool - https://api.dictionaryapi.dev:443 "GET /api/v2/entries/en_US/undone HTTP/1.1" 200 592 
DEBUG - 2021-06-23 13:31:16,810 - urllib3.connectionpool - https://api.dictionaryapi.dev:443 "GET /api/v2/entries/en_US/feminism HTTP/1.1" 200 484 
DEBUG - 2021-06-23 13:31:16,813 - urllib3.connectionpool - https://api.dictionaryapi.dev:443 "GET /api/v2/entries/en_US/stitches HTTP/1.1" 200 849 
DEBUG - 2021-06-23 13:31:16,825 - urllib3.connectionpool - https://api.dictionaryapi.dev:443 "GET /api/v2/entries/en_US/poised HTTP/1.1" 200 627 
DEBUG - 2021-06-23 13:31:16,934 - urllib3.connectionpool - https://api.dictionaryapi.dev:443 "GET /api/v2/entries/en_US/shouting HTTP/1.1" 200 1016 
DEBUG - 2021-06-23 13:31:16,994 - urllib3.connectionpool - https://api.dictionaryapi.dev:443 "GET /api/v2/entries/en_US/compose HTTP/1.1" 200 1264 
DEBUG - 2021-06-23 13:31:17,004 - urllib3.connectionpool - https://api.dictionaryapi.dev:443 "GET /api/v2/entries/en_US/maid HTTP/1.1" 200 497 
DEBUG - 2021-06-23 13:31:17,022 - urllib3.connectionpool - https://api.dictionaryapi.dev:443 "GET /api/v2/entries/en_US/Kun HTTP/1.1" 404 205 
DEBUG - 2021-06-23 13:31:17,025 - urllib3.connectionpool - https://api.dictionaryapi.dev:443 "GET /api/v2/entries/en_US/washed HTTP/1.1" 200 2301 
DEBUG - 2021-06-23 13:31:17,045 - urllib3.connectionpool - https://api.dictionaryapi.dev:443 "GET /api/v2/entries/en_US/curtains HTTP/1.1" 200 977 
DEBUG - 2021-06-23 13:31:17,059 - urllib3.connectionpool - https://api.dictionaryapi.dev:443 "GET /api/v2/entries/en_US/phenyl HTTP/1.1" 200 403 
DEBUG - 2021-06-23 13:31:17,066 - urllib3.connectionpool - https://api.dictionaryapi.dev:443 "GET /api/v2/entries/en_US/fuss HTTP/1.1" 200 767 
DEBUG - 2021-06-23 13:31:17,071 - urllib3.connectionpool - https://api.dictionaryapi.dev:443 "GET /api/v2/entries/en_US/sofas HTTP/1.1" 200 379 
DEBUG - 2021-06-23 13:31:17,085 - urllib3.connectionpool - https://api.dictionaryapi.dev:443 "GET /api/v2/entries/en_US/bucket HTTP/1.1" 200 1287 
DEBUG - 2021-06-23 13:31:17,097 - urllib3.connectionpool - https://api.dictionaryapi.dev:443 "GET /api/v2/entries/en_US/Curtains HTTP/1.1" 200 977 
DEBUG - 2021-06-23 13:31:17,104 - urllib3.connectionpool - https://api.dictionaryapi.dev:443 "GET /api/v2/entries/en_US/Sprinkled HTTP/1.1" 200 1322 
DEBUG - 2021-06-23 13:31:17,170 - urllib3.connectionpool - https://api.dictionaryapi.dev:443 "GET /api/v2/entries/en_US/bathe HTTP/1.1" 200 918 
DEBUG - 2021-06-23 13:31:17,228 - urllib3.connectionpool - https://api.dictionaryapi.dev:443 "GET /api/v2/entries/en_US/decorated HTTP/1.1" 200 498 
DEBUG - 2021-06-23 13:31:17,252 - urllib3.connectionpool - https://api.dictionaryapi.dev:443 "GET /api/v2/entries/en_US/fumbled HTTP/1.1" 200 548 
DEBUG - 2021-06-23 13:31:17,269 - urllib3.connectionpool - https://api.dictionaryapi.dev:443 "GET /api/v2/entries/en_US/stubborn HTTP/1.1" 200 629 
DEBUG - 2021-06-23 13:31:17,270 - urllib3.connectionpool - https://api.dictionaryapi.dev:443 "GET /api/v2/entries/en_US/cha HTTP/1.1" 200 1387 
DEBUG - 2021-06-23 13:31:17,294 - urllib3.connectionpool - https://api.dictionaryapi.dev:443 "GET /api/v2/entries/en_US/huh HTTP/1.1" 200 442 
DEBUG - 2021-06-23 13:31:17,315 - urllib3.connectionpool - https://api.dictionaryapi.dev:443 "GET /api/v2/entries/en_US/elbow HTTP/1.1" 200 803 
DEBUG - 2021-06-23 13:31:17,330 - urllib3.connectionpool - https://api.dictionaryapi.dev:443 "GET /api/v2/entries/en_US/gesture HTTP/1.1" 200 585 
DEBUG - 2021-06-23 13:31:17,356 - urllib3.connectionpool - https://api.dictionaryapi.dev:443 "GET /api/v2/entries/en_US/knot HTTP/1.1" 200 2656 
DEBUG - 2021-06-23 13:31:17,359 - urllib3.connectionpool - https://api.dictionaryapi.dev:443 "GET /api/v2/entries/en_US/formatted HTTP/1.1" 200 642 
DEBUG - 2021-06-23 13:31:17,368 - urllib3.connectionpool - https://api.dictionaryapi.dev:443 "GET /api/v2/entries/en_US/blessings HTTP/1.1" 200 315 
DEBUG - 2021-06-23 13:31:17,443 - urllib3.connectionpool - https://api.dictionaryapi.dev:443 "GET /api/v2/entries/en_US/motherfucker HTTP/1.1" 200 568 
DEBUG - 2021-06-23 13:31:17,493 - urllib3.connectionpool - https://api.dictionaryapi.dev:443 "GET /api/v2/entries/en_US/kite HTTP/1.1" 200 1479 
DEBUG - 2021-06-23 13:31:17,511 - urllib3.connectionpool - https://api.dictionaryapi.dev:443 "GET /api/v2/entries/en_US/swear HTTP/1.1" 200 951 
DEBUG - 2021-06-23 13:31:17,533 - urllib3.connectionpool - https://api.dictionaryapi.dev:443 "GET /api/v2/entries/en_US/graced HTTP/1.1" 200 2343 
DEBUG - 2021-06-23 13:31:17,542 - urllib3.connectionpool - https://api.dictionaryapi.dev:443 "GET /api/v2/entries/en_US/Slammed HTTP/1.1" 200 1654 
DEBUG - 2021-06-23 13:31:17,558 - urllib3.connectionpool - https://api.dictionaryapi.dev:443 "GET /api/v2/entries/en_US/pretending HTTP/1.1" 200 1040 
DEBUG - 2021-06-23 13:31:17,571 - urllib3.connectionpool - https://api.dictionaryapi.dev:443 "GET /api/v2/entries/en_US/Kaif HTTP/1.1" 404 205 
DEBUG - 2021-06-23 13:31:17,580 - urllib3.connectionpool - https://api.dictionaryapi.dev:443 "GET /api/v2/entries/en_US/stressed HTTP/1.1" 200 451 
DEBUG - 2021-06-23 13:31:17,588 - urllib3.connectionpool - https://api.dictionaryapi.dev:443 "GET /api/v2/entries/en_US/Mohammad HTTP/1.1" 404 205 
DEBUG - 2021-06-23 13:31:17,603 - urllib3.connectionpool - https://api.dictionaryapi.dev:443 "GET /api/v2/entries/en_US/pacing HTTP/1.1" 200 1675 
DEBUG - 2021-06-23 13:31:17,611 - urllib3.connectionpool - https://api.dictionaryapi.dev:443 "GET /api/v2/entries/en_US/reassuring HTTP/1.1" 200 313 
DEBUG - 2021-06-23 13:31:17,625 - urllib3.connectionpool - https://api.dictionaryapi.dev:443 "GET /api/v2/entries/en_US/texting HTTP/1.1" 200 246 
DEBUG - 2021-06-23 13:31:17,810 - urllib3.connectionpool - https://api.dictionaryapi.dev:443 "GET /api/v2/entries/en_US/Hannah HTTP/1.1" 404 205 
DEBUG - 2021-06-23 13:31:17,818 - urllib3.connectionpool - https://api.dictionaryapi.dev:443 "GET /api/v2/entries/en_US/comma HTTP/1.1" 200 934 
DEBUG - 2021-06-23 13:31:17,824 - urllib3.connectionpool - https://api.dictionaryapi.dev:443 "GET /api/v2/entries/en_US/iPhone HTTP/1.1" 404 205 
DEBUG - 2021-06-23 13:31:17,826 - urllib3.connectionpool - https://api.dictionaryapi.dev:443 "GET /api/v2/entries/en_US/alphabet HTTP/1.1" 200 418 
DEBUG - 2021-06-23 13:31:17,829 - urllib3.connectionpool - https://api.dictionaryapi.dev:443 "GET /api/v2/entries/en_US/pissed HTTP/1.1" 200 527 
DEBUG - 2021-06-23 13:31:17,829 - urllib3.connectionpool - https://api.dictionaryapi.dev:443 "GET /api/v2/entries/en_US/dignity HTTP/1.1" 200 308 
DEBUG - 2021-06-23 13:31:17,847 - urllib3.connectionpool - https://api.dictionaryapi.dev:443 "GET /api/v2/entries/en_US/insulted HTTP/1.1" 200 1169 
DEBUG - 2021-06-23 13:31:17,861 - urllib3.connectionpool - https://api.dictionaryapi.dev:443 "GET /api/v2/entries/en_US/lowered HTTP/1.1" 200 1486 
DEBUG - 2021-06-23 13:31:17,875 - urllib3.connectionpool - https://api.dictionaryapi.dev:443 "GET /api/v2/entries/en_US/hurts HTTP/1.1" 200 1126 
DEBUG - 2021-06-23 13:31:17,884 - urllib3.connectionpool - https://api.dictionaryapi.dev:443 "GET /api/v2/entries/en_US/esteem HTTP/1.1" 200 1044 
DEBUG - 2021-06-23 13:31:17,904 - urllib3.connectionpool - https://api.dictionaryapi.dev:443 "GET /api/v2/entries/en_US/elevate HTTP/1.1" 200 425 
DEBUG - 2021-06-23 13:31:17,927 - urllib3.connectionpool - https://api.dictionaryapi.dev:443 "GET /api/v2/entries/en_US/dropping HTTP/1.1" 200 2971 
DEBUG - 2021-06-23 13:31:18,057 - urllib3.connectionpool - https://api.dictionaryapi.dev:443 "GET /api/v2/entries/en_US/Gangs HTTP/1.1" 200 991 
DEBUG - 2021-06-23 13:31:18,069 - urllib3.connectionpool - https://api.dictionaryapi.dev:443 "GET /api/v2/entries/en_US/frustrated HTTP/1.1" 200 577 
DEBUG - 2021-06-23 13:31:18,080 - urllib3.connectionpool - https://api.dictionaryapi.dev:443 "GET /api/v2/entries/en_US/Perpendicular HTTP/1.1" 200 917 
DEBUG - 2021-06-23 13:31:18,088 - urllib3.connectionpool - https://api.dictionaryapi.dev:443 "GET /api/v2/entries/en_US/rebuked HTTP/1.1" 200 969 
DEBUG - 2021-06-23 13:31:18,091 - urllib3.connectionpool - https://api.dictionaryapi.dev:443 "GET /api/v2/entries/en_US/stealing HTTP/1.1" 200 565 
DEBUG - 2021-06-23 13:31:18,104 - urllib3.connectionpool - https://api.dictionaryapi.dev:443 "GET /api/v2/entries/en_US/complain HTTP/1.1" 200 657 
DEBUG - 2021-06-23 13:31:18,126 - urllib3.connectionpool - https://api.dictionaryapi.dev:443 "GET /api/v2/entries/en_US/murdered HTTP/1.1" 200 1314 
DEBUG - 2021-06-23 13:31:18,132 - urllib3.connectionpool - https://api.dictionaryapi.dev:443 "GET /api/v2/entries/en_US/FIR HTTP/1.1" 200 526 
DEBUG - 2021-06-23 13:31:18,142 - urllib3.connectionpool - https://api.dictionaryapi.dev:443 "GET /api/v2/entries/en_US/agony HTTP/1.1" 200 366 
DEBUG - 2021-06-23 13:31:18,150 - urllib3.connectionpool - https://api.dictionaryapi.dev:443 "GET /api/v2/entries/en_US/motherfuckers HTTP/1.1" 200 564 
DEBUG - 2021-06-23 13:31:18,163 - urllib3.connectionpool - https://api.dictionaryapi.dev:443 "GET /api/v2/entries/en_US/furious HTTP/1.1" 200 529 
DEBUG - 2021-06-23 13:31:18,174 - urllib3.connectionpool - https://api.dictionaryapi.dev:443 "GET /api/v2/entries/en_US/Thrones HTTP/1.1" 200 471 
DEBUG - 2021-06-23 13:31:18,293 - urllib3.connectionpool - https://api.dictionaryapi.dev:443 "GET /api/v2/entries/en_US/Dragons HTTP/1.1" 200 652 
DEBUG - 2021-06-23 13:31:18,308 - urllib3.connectionpool - https://api.dictionaryapi.dev:443 "GET /api/v2/entries/en_US/walkers HTTP/1.1" 200 607 
DEBUG - 2021-06-23 13:31:18,316 - urllib3.connectionpool - https://api.dictionaryapi.dev:443 "GET /api/v2/entries/en_US/avenge HTTP/1.1" 200 433 
DEBUG - 2021-06-23 13:31:18,337 - urllib3.connectionpool - https://api.dictionaryapi.dev:443 "GET /api/v2/entries/en_US/devised HTTP/1.1" 200 1261 
DEBUG - 2021-06-23 13:31:18,346 - urllib3.connectionpool - https://api.dictionaryapi.dev:443 "GET /api/v2/entries/en_US/permutations HTTP/1.1" 200 557 
DEBUG - 2021-06-23 13:31:18,360 - urllib3.connectionpool - https://api.dictionaryapi.dev:443 "GET /api/v2/entries/en_US/mentally HTTP/1.1" 200 490 
DEBUG - 2021-06-23 13:31:18,369 - urllib3.connectionpool - https://api.dictionaryapi.dev:443 "GET /api/v2/entries/en_US/nicely HTTP/1.1" 200 414 
DEBUG - 2021-06-23 13:31:18,392 - urllib3.connectionpool - https://api.dictionaryapi.dev:443 "GET /api/v2/entries/en_US/drenched HTTP/1.1" 200 730 
DEBUG - 2021-06-23 13:31:18,401 - urllib3.connectionpool - https://api.dictionaryapi.dev:443 "GET /api/v2/entries/en_US/conscience HTTP/1.1" 200 487 
DEBUG - 2021-06-23 13:31:18,412 - urllib3.connectionpool - https://api.dictionaryapi.dev:443 "GET /api/v2/entries/en_US/irrelevant HTTP/1.1" 200 528 
DEBUG - 2021-06-23 13:31:18,420 - urllib3.connectionpool - https://api.dictionaryapi.dev:443 "GET /api/v2/entries/en_US/ambulance HTTP/1.1" 404 205 
DEBUG - 2021-06-23 13:31:18,434 - urllib3.connectionpool - https://api.dictionaryapi.dev:443 "GET /api/v2/entries/en_US/Definite HTTP/1.1" 200 393 
DEBUG - 2021-06-23 13:31:18,602 - urllib3.connectionpool - https://api.dictionaryapi.dev:443 "GET /api/v2/entries/en_US/bombed HTTP/1.1" 200 465 
DEBUG - 2021-06-23 13:31:18,623 - urllib3.connectionpool - https://api.dictionaryapi.dev:443 "GET /api/v2/entries/en_US/ringing HTTP/1.1" 200 375 
DEBUG - 2021-06-23 13:31:18,626 - urllib3.connectionpool - https://api.dictionaryapi.dev:443 "GET /api/v2/entries/en_US/underestimate HTTP/1.1" 200 680 
DEBUG - 2021-06-23 13:31:18,639 - urllib3.connectionpool - https://api.dictionaryapi.dev:443 "GET /api/v2/entries/en_US/Teri HTTP/1.1" 404 205 
DEBUG - 2021-06-23 13:31:18,645 - urllib3.connectionpool - https://api.dictionaryapi.dev:443 "GET /api/v2/entries/en_US/survived HTTP/1.1" 200 473 
DEBUG - 2021-06-23 13:31:18,647 - urllib3.connectionpool - https://api.dictionaryapi.dev:443 "GET /api/v2/entries/en_US/teardrops HTTP/1.1" 200 320 
DEBUG - 2021-06-23 13:31:18,652 - urllib3.connectionpool - https://api.dictionaryapi.dev:443 "GET /api/v2/entries/en_US/guilt HTTP/1.1" 200 661 
DEBUG - 2021-06-23 13:31:18,674 - urllib3.connectionpool - https://api.dictionaryapi.dev:443 "GET /api/v2/entries/en_US/unfair HTTP/1.1" 200 354 
DEBUG - 2021-06-23 13:31:18,683 - urllib3.connectionpool - https://api.dictionaryapi.dev:443 "GET /api/v2/entries/en_US/splashing HTTP/1.1" 200 1032 
DEBUG - 2021-06-23 13:31:18,694 - urllib3.connectionpool - https://api.dictionaryapi.dev:443 "GET /api/v2/entries/en_US/pilots HTTP/1.1" 200 1949 
DEBUG - 2021-06-23 13:31:18,717 - urllib3.connectionpool - https://api.dictionaryapi.dev:443 "GET /api/v2/entries/en_US/cautious HTTP/1.1" 200 453 
DEBUG - 2021-06-23 13:31:18,718 - urllib3.connectionpool - https://api.dictionaryapi.dev:443 "GET /api/v2/entries/en_US/bumps HTTP/1.1" 200 2050 
DEBUG - 2021-06-23 13:31:18,847 - urllib3.connectionpool - https://api.dictionaryapi.dev:443 "GET /api/v2/entries/en_US/egos HTTP/1.1" 200 400 
DEBUG - 2021-06-23 13:31:18,858 - urllib3.connectionpool - https://api.dictionaryapi.dev:443 "GET /api/v2/entries/en_US/deactivated HTTP/1.1" 404 205 
DEBUG - 2021-06-23 13:31:18,873 - urllib3.connectionpool - https://api.dictionaryapi.dev:443 "GET /api/v2/entries/en_US/antics HTTP/1.1" 200 437 
DEBUG - 2021-06-23 13:31:18,891 - urllib3.connectionpool - https://api.dictionaryapi.dev:443 "GET /api/v2/entries/en_US/deathly HTTP/1.1" 200 392 
DEBUG - 2021-06-23 13:31:18,898 - urllib3.connectionpool - https://api.dictionaryapi.dev:443 "GET /api/v2/entries/en_US/haired HTTP/1.1" 200 257 
DEBUG - 2021-06-23 13:31:18,905 - urllib3.connectionpool - https://api.dictionaryapi.dev:443 "GET /api/v2/entries/en_US/proclaim HTTP/1.1" 200 640 
DEBUG - 2021-06-23 13:31:18,918 - urllib3.connectionpool - https://api.dictionaryapi.dev:443 "GET /api/v2/entries/en_US/lenient HTTP/1.1" 200 610 
DEBUG - 2021-06-23 13:31:18,928 - urllib3.connectionpool - https://api.dictionaryapi.dev:443 "GET /api/v2/entries/en_US/bats HTTP/1.1" 200 627 
DEBUG - 2021-06-23 13:31:18,934 - urllib3.connectionpool - https://api.dictionaryapi.dev:443 "GET /api/v2/entries/en_US/chauvinism HTTP/1.1" 200 623 
DEBUG - 2021-06-23 13:31:18,943 - urllib3.connectionpool - https://api.dictionaryapi.dev:443 "GET /api/v2/entries/en_US/Patriarchy HTTP/1.1" 200 470 
DEBUG - 2021-06-23 13:31:18,955 - urllib3.connectionpool - https://api.dictionaryapi.dev:443 "GET /api/v2/entries/en_US/Aah HTTP/1.1" 404 205 
DEBUG - 2021-06-23 13:31:18,972 - urllib3.connectionpool - https://api.dictionaryapi.dev:443 "GET /api/v2/entries/en_US/misogyny HTTP/1.1" 200 581 
DEBUG - 2021-06-23 13:31:19,113 - urllib3.connectionpool - https://api.dictionaryapi.dev:443 "GET /api/v2/entries/en_US/stanza HTTP/1.1" 200 495 
DEBUG - 2021-06-23 13:31:19,114 - urllib3.connectionpool - https://api.dictionaryapi.dev:443 "GET /api/v2/entries/en_US/flops HTTP/1.1" 200 996 
DEBUG - 2021-06-23 13:31:19,121 - urllib3.connectionpool - https://api.dictionaryapi.dev:443 "GET /api/v2/entries/en_US/mediocre HTTP/1.1" 200 463 
DEBUG - 2021-06-23 13:31:19,148 - urllib3.connectionpool - https://api.dictionaryapi.dev:443 "GET /api/v2/entries/en_US/Chivas HTTP/1.1" 404 205 
DEBUG - 2021-06-23 13:31:19,150 - urllib3.connectionpool - https://api.dictionaryapi.dev:443 "GET /api/v2/entries/en_US/cliched HTTP/1.1" 200 927 
DEBUG - 2021-06-23 13:31:19,167 - urllib3.connectionpool - https://api.dictionaryapi.dev:443 "GET /api/v2/entries/en_US/pegs HTTP/1.1" 200 2036 
DEBUG - 2021-06-23 13:31:19,189 - urllib3.connectionpool - https://api.dictionaryapi.dev:443 "GET /api/v2/entries/en_US/Regal HTTP/1.1" 200 719 
DEBUG - 2021-06-23 13:31:19,193 - urllib3.connectionpool - https://api.dictionaryapi.dev:443 "GET /api/v2/entries/en_US/destroying HTTP/1.1" 200 563 
DEBUG - 2021-06-23 13:31:19,198 - urllib3.connectionpool - https://api.dictionaryapi.dev:443 "GET /api/v2/entries/en_US/responds HTTP/1.1" 200 847 
DEBUG - 2021-06-23 13:31:19,209 - urllib3.connectionpool - https://api.dictionaryapi.dev:443 "GET /api/v2/entries/en_US/whispers HTTP/1.1" 200 768 
DEBUG - 2021-06-23 13:31:19,221 - urllib3.connectionpool - https://api.dictionaryapi.dev:443 "GET /api/v2/entries/en_US/dickhead HTTP/1.1" 200 413 
DEBUG - 2021-06-23 13:31:19,231 - urllib3.connectionpool - https://api.dictionaryapi.dev:443 "GET /api/v2/entries/en_US/frighteningly HTTP/1.1" 200 415 
DEBUG - 2021-06-23 13:31:19,347 - urllib3.connectionpool - https://api.dictionaryapi.dev:443 "GET /api/v2/entries/en_US/honestly HTTP/1.1" 200 828 
DEBUG - 2021-06-23 13:31:19,373 - urllib3.connectionpool - https://api.dictionaryapi.dev:443 "GET /api/v2/entries/en_US/burnt HTTP/1.1" 200 1863 
DEBUG - 2021-06-23 13:31:19,373 - urllib3.connectionpool - https://api.dictionaryapi.dev:443 "GET /api/v2/entries/en_US/treachery HTTP/1.1" 200 609 
DEBUG - 2021-06-23 13:31:19,395 - urllib3.connectionpool - https://api.dictionaryapi.dev:443 "GET /api/v2/entries/en_US/drown HTTP/1.1" 200 369 
DEBUG - 2021-06-23 13:31:19,402 - urllib3.connectionpool - https://api.dictionaryapi.dev:443 "GET /api/v2/entries/en_US/deepest HTTP/1.1" 200 1219 
DEBUG - 2021-06-23 13:31:19,433 - urllib3.connectionpool - https://api.dictionaryapi.dev:443 "GET /api/v2/entries/en_US/darkest HTTP/1.1" 200 1914 
DEBUG - 2021-06-23 13:31:19,443 - urllib3.connectionpool - https://api.dictionaryapi.dev:443 "GET /api/v2/entries/en_US/insecurities HTTP/1.1" 200 790 
DEBUG - 2021-06-23 13:31:19,472 - urllib3.connectionpool - https://api.dictionaryapi.dev:443 "GET /api/v2/entries/en_US/villain HTTP/1.1" 200 532 
DEBUG - 2021-06-23 13:31:19,475 - urllib3.connectionpool - https://api.dictionaryapi.dev:443 "GET /api/v2/entries/en_US/caste HTTP/1.1" 200 535 
DEBUG - 2021-06-23 13:31:19,477 - urllib3.connectionpool - https://api.dictionaryapi.dev:443 "GET /api/v2/entries/en_US/rickshaw HTTP/1.1" 200 458 
DEBUG - 2021-06-23 13:31:19,494 - urllib3.connectionpool - https://api.dictionaryapi.dev:443 "GET /api/v2/entries/en_US/hurry HTTP/1.1" 200 868 
DEBUG - 2021-06-23 13:31:19,624 - urllib3.connectionpool - https://api.dictionaryapi.dev:443 "GET /api/v2/entries/en_US/crashed HTTP/1.1" 200 2909 
DEBUG - 2021-06-23 13:31:19,672 - urllib3.connectionpool - https://api.dictionaryapi.dev:443 "GET /api/v2/entries/en_US/collapsed HTTP/1.1" 200 416 
DEBUG - 2021-06-23 13:31:19,696 - urllib3.connectionpool - https://api.dictionaryapi.dev:443 "GET /api/v2/entries/en_US/straits HTTP/1.1" 200 1105 
DEBUG - 2021-06-23 13:31:19,699 - urllib3.connectionpool - https://api.dictionaryapi.dev:443 "GET /api/v2/entries/en_US/outburst HTTP/1.1" 200 336 
DEBUG - 2021-06-23 13:31:19,707 - urllib3.connectionpool - https://api.dictionaryapi.dev:443 "GET /api/v2/entries/en_US/cocky HTTP/1.1" 200 1121 
WARNING - 2021-06-23 13:31:19,708 - urllib3.connectionpool - Connection pool is full, discarding connection: api.dictionaryapi.dev 
DEBUG - 2021-06-23 13:31:19,737 - urllib3.connectionpool - https://api.dictionaryapi.dev:443 "GET /api/v2/entries/en_US/Goodnight HTTP/1.1" 200 334 
WARNING - 2021-06-23 13:31:19,740 - urllib3.connectionpool - Connection pool is full, discarding connection: api.dictionaryapi.dev 
ERROR - 2021-06-23 13:31:19,871 - root - string indices must be integers while writing summary in online dict 
ERROR - 2021-06-23 13:31:19,872 - root - string indices must be integers while writing summary in online dict 
ERROR - 2021-06-23 13:31:19,873 - root - string indices must be integers while writing summary in online dict 
ERROR - 2021-06-23 13:31:19,875 - root - string indices must be integers while writing summary in online dict 
ERROR - 2021-06-23 13:31:19,876 - root - string indices must be integers while writing summary in online dict 
ERROR - 2021-06-23 13:31:19,877 - root - string indices must be integers while writing summary in online dict 
ERROR - 2021-06-23 13:31:19,879 - root - string indices must be integers while writing summary in online dict 
ERROR - 2021-06-23 13:31:19,879 - root - string indices must be integers while writing summary in online dict 
ERROR - 2021-06-23 13:31:19,879 - root - string indices must be integers while writing summary in online dict 
ERROR - 2021-06-23 13:31:19,879 - root - string indices must be integers while writing summary in online dict 
ERROR - 2021-06-23 13:31:19,879 - root - string indices must be integers while writing summary in online dict 
ERROR - 2021-06-23 13:31:19,879 - root - string indices must be integers while writing summary in online dict 
ERROR - 2021-06-23 13:31:19,879 - root - string indices must be integers while writing summary in online dict 
ERROR - 2021-06-23 13:31:19,879 - root - string indices must be integers while writing summary in online dict 
ERROR - 2021-06-23 13:31:19,879 - root - string indices must be integers while writing summary in online dict 
ERROR - 2021-06-23 13:31:19,887 - root - string indices must be integers while writing summary in online dict 
ERROR - 2021-06-23 13:31:19,887 - root - string indices must be integers while writing summary in online dict 
ERROR - 2021-06-23 13:31:19,887 - root - string indices must be integers while writing summary in online dict 
ERROR - 2021-06-23 13:31:21,022 - root - string indices must be integers in Thread update word dict None 
ERROR - 2021-06-23 13:31:21,022 - root - string indices must be integers in Thread update word dict None 
ERROR - 2021-06-23 13:31:21,022 - root - string indices must be integers in Thread update word dict None 
ERROR - 2021-06-23 13:31:21,022 - root - string indices must be integers in Thread update word dict None 
ERROR - 2021-06-23 13:31:21,022 - root - string indices must be integers in Thread update word dict None 
ERROR - 2021-06-23 13:31:21,022 - root - string indices must be integers in Thread update word dict None 
ERROR - 2021-06-23 13:31:21,022 - root - string indices must be integers in Thread update word dict None 
ERROR - 2021-06-23 13:31:21,022 - root - string indices must be integers in Thread update word dict None 
ERROR - 2021-06-23 13:31:21,022 - root - string indices must be integers in Thread update word dict None 
ERROR - 2021-06-23 13:31:21,022 - root - string indices must be integers in Thread update word dict None 
ERROR - 2021-06-23 13:31:21,022 - root - string indices must be integers in Thread update word dict None 
ERROR - 2021-06-23 13:31:21,022 - root - string indices must be integers in Thread update word dict None 
ERROR - 2021-06-23 13:31:21,037 - root - list index out of range in Thread update word dict None 
ERROR - 2021-06-23 13:31:21,037 - root - string indices must be integers in Thread update word dict None 
ERROR - 2021-06-23 13:31:21,037 - root - string indices must be integers in Thread update word dict None 
ERROR - 2021-06-23 13:31:21,037 - root - string indices must be integers in Thread update word dict None 
ERROR - 2021-06-23 13:31:21,037 - root - string indices must be integers in Thread update word dict None 
ERROR - 2021-06-23 13:31:21,037 - root - string indices must be integers in Thread update word dict None 
ERROR - 2021-06-23 13:31:21,037 - root - string indices must be integers in Thread update word dict None 
ERROR - 2021-06-23 13:31:21,037 - root - string indices must be integers in Thread update word dict None 
ERROR - 2021-06-23 13:31:21,037 - root - string indices must be integers in Thread update word dict None 
ERROR - 2021-06-23 13:31:21,037 - root - string indices must be integers in Thread update word dict None 
ERROR - 2021-06-23 13:31:21,048 - root - string indices must be integers in Thread update word dict None 
ERROR - 2021-06-23 13:31:21,048 - root - string indices must be integers in Thread update word dict None 
ERROR - 2021-06-23 13:31:21,048 - root - string indices must be integers in Thread update word dict None 
ERROR - 2021-06-23 13:31:21,053 - root - string indices must be integers in Thread update word dict None 
ERROR - 2021-06-23 13:31:21,053 - root - string indices must be integers in Thread update word dict None 
ERROR - 2021-06-23 13:31:21,053 - root - string indices must be integers in Thread update word dict None 
ERROR - 2021-06-23 13:31:21,053 - root - string indices must be integers in Thread update word dict None 
ERROR - 2021-06-23 13:31:21,053 - root - string indices must be integers in Thread update word dict None 
ERROR - 2021-06-23 13:31:21,053 - root - string indices must be integers in Thread update word dict None 
ERROR - 2021-06-23 13:31:21,053 - root - list index out of range in Thread update word dict None 
ERROR - 2021-06-23 13:31:21,053 - root - string indices must be integers in Thread update word dict None 
ERROR - 2021-06-23 13:31:21,053 - root - string indices must be integers in Thread update word dict None 
ERROR - 2021-06-23 13:31:21,053 - root - string indices must be integers in Thread update word dict None 
ERROR - 2021-06-23 13:31:21,053 - root - string indices must be integers in Thread update word dict None 
ERROR - 2021-06-23 13:31:21,053 - root - string indices must be integers in Thread update word dict None 
ERROR - 2021-06-23 13:31:21,053 - root - string indices must be integers in Thread update word dict None 
ERROR - 2021-06-23 13:31:21,069 - root - string indices must be integers in Thread update word dict None 
ERROR - 2021-06-23 13:31:21,069 - root - string indices must be integers in Thread update word dict None 
ERROR - 2021-06-23 13:31:21,069 - root - string indices must be integers in Thread update word dict None 
ERROR - 2021-06-23 13:31:21,069 - root - string indices must be integers in Thread update word dict None 
ERROR - 2021-06-23 13:31:21,070 - root - string indices must be integers in Thread update word dict None 
ERROR - 2021-06-23 13:31:21,070 - root - string indices must be integers in Thread update word dict None 
ERROR - 2021-06-23 13:31:21,070 - root - string indices must be integers in Thread update word dict None 
ERROR - 2021-06-23 13:31:21,070 - root - string indices must be integers in Thread update word dict None 
ERROR - 2021-06-23 13:31:21,070 - root - string indices must be integers in Thread update word dict None 
ERROR - 2021-06-23 13:31:21,070 - root - string indices must be integers in Thread update word dict None 
ERROR - 2021-06-23 13:31:21,070 - root - string indices must be integers in Thread update word dict None 
ERROR - 2021-06-23 13:31:21,070 - root - string indices must be integers in Thread update word dict None 
ERROR - 2021-06-23 13:31:21,070 - root - string indices must be integers in Thread update word dict None 
ERROR - 2021-06-23 13:31:21,070 - root - string indices must be integers in Thread update word dict None 
ERROR - 2021-06-23 13:31:21,070 - root - string indices must be integers in Thread update word dict None 
ERROR - 2021-06-23 13:31:21,070 - root - string indices must be integers in Thread update word dict None 
ERROR - 2021-06-23 13:31:21,070 - root - string indices must be integers in Thread update word dict None 
ERROR - 2021-06-23 13:31:21,070 - root - string indices must be integers in Thread update word dict None 
ERROR - 2021-06-23 13:31:21,070 - root - string indices must be integers in Thread update word dict None 
ERROR - 2021-06-23 13:31:21,070 - root - string indices must be integers in Thread update word dict None 
ERROR - 2021-06-23 13:31:21,070 - root - string indices must be integers in Thread update word dict None 
ERROR - 2021-06-23 13:31:21,070 - root - string indices must be integers in Thread update word dict None 
ERROR - 2021-06-23 13:31:21,070 - root - string indices must be integers in Thread update word dict None 
ERROR - 2021-06-23 13:31:21,070 - root - string indices must be integers in Thread update word dict None 
ERROR - 2021-06-23 13:31:21,070 - root - string indices must be integers in Thread update word dict None 
ERROR - 2021-06-23 13:31:21,070 - root - string indices must be integers in Thread update word dict None 
ERROR - 2021-06-23 13:31:21,070 - root - string indices must be integers in Thread update word dict None 
ERROR - 2021-06-23 13:31:21,070 - root - string indices must be integers in Thread update word dict None 
ERROR - 2021-06-23 13:31:21,070 - root - string indices must be integers in Thread update word dict None 
ERROR - 2021-06-23 13:31:21,070 - root - string indices must be integers in Thread update word dict None 
ERROR - 2021-06-23 13:31:21,070 - root - string indices must be integers in Thread update word dict None 
ERROR - 2021-06-23 13:31:21,070 - root - string indices must be integers in Thread update word dict None 
ERROR - 2021-06-23 13:31:21,070 - root - string indices must be integers in Thread update word dict None 
